MissMinutes/app/build/intermediates/manifest_merge_blame_file/debug/manifest-merger-blame-debug-report.txt
1<?xml version="1.0" encoding="utf-8"?>
2<manifest xmlns:android="http://schemas.android.com/apk/res/android"
3    package="com.example.missminutes"
4    android:versionCode="1"
5    android:versionName="1.0" >
6
7    <uses-sdk
8        android:minSdkVersion="33"
9        android:targetSdkVersion="34" />
10
11    <uses-permission android:name="android.permission.READ_EXTERNAL_STORAGE" />
11-->src\main\AndroidManifest.xml:5:5-80
11-->src\main\AndroidManifest.xml:5:22-77
12    <uses-permission android:name="android.permission.INTERNET" />
12-->[com.google.firebase:firebase-auth:22.3.1] AndroidManifest.xml:25:5-67
12-->[com.google.firebase:firebase-auth:22.3.1] AndroidManifest.xml:25:22-64
13    <uses-permission android:name="android.permission.ACCESS_NETWORK_STATE" />
13-->[com.google.firebase:firebase-auth:22.3.1] AndroidManifest.xml:26:5-79
13-->[com.google.firebase:firebase-auth:22.3.1] AndroidManifest.xml:26:22-76
14    <uses-permission android:name="com.google.android.providers.gsf.permission.READ_GSERVICES" />
14-->[com.google.android.recaptcha:recaptcha:18.4.0] AndroidManifest.xml:9:5-98
14-->[com.google.android.recaptcha:recaptcha:18.4.0] AndroidManifest.xml:9:22-95
15
16    <permission
16-->[androidx.core:core:1.12.0] AndroidManifest.xml:22:5-24:47
17        android:name="com.example.missminutes.DYNAMIC_RECEIVER_NOT_EXPORTED_PERMISSION"
17-->[androidx.core:core:1.12.0] AndroidManifest.xml:23:9-81
18        android:protectionLevel="signature" />
18-->[androidx.core:core:1.12.0] AndroidManifest.xml:24:9-44
19
20    <uses-permission android:name="com.example.missminutes.DYNAMIC_RECEIVER_NOT_EXPORTED_PERMISSION" />
20-->[androidx.core:core:1.12.0] AndroidManifest.xml:26:5-97
20-->[androidx.core:core:1.12.0] AndroidManifest.xml:26:22-94
21
22    <application
22-->src\main\AndroidManifest.xml:7:5-63:19
23        android:allowBackup="true"
23-->src\main\AndroidManifest.xml:8:9-35
24        android:appComponentFactory="androidx.core.app.CoreComponentFactory"
24-->[androidx.core:core:1.12.0] AndroidManifest.xml:28:18-86
25        android:dataExtractionRules="@xml/data_extraction_rules"
25-->src\main\AndroidManifest.xml:9:9-65
26        android:debuggable="true"
27        android:extractNativeLibs="false"
28        android:fullBackupContent="@xml/backup_rules"
28-->src\main\AndroidManifest.xml:10:9-54
29        android:icon="@mipmap/ic_launcher"
29-->src\main\AndroidManifest.xml:11:9-43
30        android:label="@string/app_name"
30-->src\main\AndroidManifest.xml:12:9-41
31        android:roundIcon="@mipmap/ic_launcher_round"
31-->src\main\AndroidManifest.xml:13:9-54
32        android:supportsRtl="true"
32-->src\main\AndroidManifest.xml:14:9-35
33        android:testOnly="true"
34        android:theme="@style/Theme.MissMinutes" >
34-->src\main\AndroidManifest.xml:15:9-49
35        <activity
35-->src\main\AndroidManifest.xml:17:9-19:40
36            android:name="com.example.missminutes.CategoryGraph"
36-->src\main\AndroidManifest.xml:18:13-42
37            android:exported="false" />
37-->src\main\AndroidManifest.xml:19:13-37
38        <activity
38-->src\main\AndroidManifest.xml:20:9-28:20
39            android:name="com.example.missminutes.splashscreen"
39-->src\main\AndroidManifest.xml:21:13-41
40            android:exported="true" >
40-->src\main\AndroidManifest.xml:22:13-36
41            <intent-filter>
41-->src\main\AndroidManifest.xml:23:13-27:29
42                <action android:name="android.intent.action.MAIN" />
42-->src\main\AndroidManifest.xml:24:17-69
42-->src\main\AndroidManifest.xml:24:25-66
43
44                <category android:name="android.intent.category.LAUNCHER" />
44-->src\main\AndroidManifest.xml:26:17-77
44-->src\main\AndroidManifest.xml:26:27-74
45            </intent-filter>
46        </activity>
47        <activity
47-->src\main\AndroidManifest.xml:29:9-31:40
48            android:name="com.example.missminutes.CategoryHours"
48-->src\main\AndroidManifest.xml:30:13-42
49            android:exported="false" />
49-->src\main\AndroidManifest.xml:31:13-37
50        <activity
50-->src\main\AndroidManifest.xml:32:9-34:40
51            android:name="com.example.missminutes.favouriteTimesheet"
51-->src\main\AndroidManifest.xml:33:13-47
52            android:exported="false" />
52-->src\main\AndroidManifest.xml:34:13-37
53        <activity
53-->src\main\AndroidManifest.xml:35:9-37:40
54            android:name="com.example.missminutes.Timesheet"
54-->src\main\AndroidManifest.xml:36:13-38
55            android:exported="false" />
55-->src\main\AndroidManifest.xml:37:13-37
56        <activity
56-->src\main\AndroidManifest.xml:38:9-40:40
57            android:name="com.example.missminutes.Pomodoro"
57-->src\main\AndroidManifest.xml:39:13-37
58            android:exported="false" />
58-->src\main\AndroidManifest.xml:40:13-37
59        <activity
59-->src\main\AndroidManifest.xml:41:9-43:40
60            android:name="com.example.missminutes.Category"
60-->src\main\AndroidManifest.xml:42:13-37
61            android:exported="false" />
61-->src\main\AndroidManifest.xml:43:13-37
62        <activity
62-->src\main\AndroidManifest.xml:44:9-46:40
63            android:name="com.example.missminutes.FinaliseTask"
63-->src\main\AndroidManifest.xml:45:13-41
64            android:exported="false" />
64-->src\main\AndroidManifest.xml:46:13-37
65        <activity
65-->src\main\AndroidManifest.xml:47:9-49:40
66            android:name="com.example.missminutes.TaskPage"
66-->src\main\AndroidManifest.xml:48:13-37
67            android:exported="false" />
67-->src\main\AndroidManifest.xml:49:13-37
68        <activity
68-->src\main\AndroidManifest.xml:50:9-52:40
69            android:name="com.example.missminutes.HomePage"
69-->src\main\AndroidManifest.xml:51:13-37
70            android:exported="false" />
70-->src\main\AndroidManifest.xml:52:13-37
71        <activity
71-->src\main\AndroidManifest.xml:53:9-55:39
72            android:name="com.example.missminutes.Registration"
72-->src\main\AndroidManifest.xml:54:13-41
73            android:exported="true" />
73-->src\main\AndroidManifest.xml:55:13-36
74        <activity
74-->src\main\AndroidManifest.xml:56:9-58:39
75            android:name="com.example.missminutes.MainActivity"
75-->src\main\AndroidManifest.xml:57:13-41
76            android:exported="true" />
76-->src\main\AndroidManifest.xml:58:13-36
77
78        <meta-data
78-->src\main\AndroidManifest.xml:60:9-62:57
79            android:name="preloaded_fonts"
79-->src\main\AndroidManifest.xml:61:13-43
80            android:resource="@array/preloaded_fonts" />
80-->src\main\AndroidManifest.xml:62:13-54
81
82        <activity
82-->[com.google.firebase:firebase-auth:22.3.1] AndroidManifest.xml:29:9-46:20
83            android:name="com.google.firebase.auth.internal.GenericIdpActivity"
83-->[com.google.firebase:firebase-auth:22.3.1] AndroidManifest.xml:30:13-80
84            android:excludeFromRecents="true"
84-->[com.google.firebase:firebase-auth:22.3.1] AndroidManifest.xml:31:13-46
85            android:exported="true"
85-->[com.google.firebase:firebase-auth:22.3.1] AndroidManifest.xml:32:13-36
86            android:launchMode="singleTask"
86-->[com.google.firebase:firebase-auth:22.3.1] AndroidManifest.xml:33:13-44
87            android:theme="@android:style/Theme.Translucent.NoTitleBar" >
87-->[com.google.firebase:firebase-auth:22.3.1] AndroidManifest.xml:34:13-72
88            <intent-filter>
88-->[com.google.firebase:firebase-auth:22.3.1] AndroidManifest.xml:35:13-45:29
89                <action android:name="android.intent.action.VIEW" />
89-->[com.google.firebase:firebase-auth:22.3.1] AndroidManifest.xml:36:17-69
89-->[com.google.firebase:firebase-auth:22.3.1] AndroidManifest.xml:36:25-66
90
91                <category android:name="android.intent.category.DEFAULT" />
91-->[com.google.firebase:firebase-auth:22.3.1] AndroidManifest.xml:38:17-76
91-->[com.google.firebase:firebase-auth:22.3.1] AndroidManifest.xml:38:27-73
92                <category android:name="android.intent.category.BROWSABLE" />
92-->[com.google.firebase:firebase-auth:22.3.1] AndroidManifest.xml:39:17-78
92-->[com.google.firebase:firebase-auth:22.3.1] AndroidManifest.xml:39:27-75
93
94                <data
94-->[com.google.firebase:firebase-auth:22.3.1] AndroidManifest.xml:41:17-44:51
95                    android:host="firebase.auth"
95-->[com.google.firebase:firebase-auth:22.3.1] AndroidManifest.xml:42:21-49
96                    android:path="/"
96-->[com.google.firebase:firebase-auth:22.3.1] AndroidManifest.xml:43:21-37
97                    android:scheme="genericidp" />
97-->[com.google.firebase:firebase-auth:22.3.1] AndroidManifest.xml:44:21-48
98            </intent-filter>
99        </activity>
100        <activity
100-->[com.google.firebase:firebase-auth:22.3.1] AndroidManifest.xml:47:9-64:20
101            android:name="com.google.firebase.auth.internal.RecaptchaActivity"
101-->[com.google.firebase:firebase-auth:22.3.1] AndroidManifest.xml:48:13-79
102            android:excludeFromRecents="true"
102-->[com.google.firebase:firebase-auth:22.3.1] AndroidManifest.xml:49:13-46
103            android:exported="true"
103-->[com.google.firebase:firebase-auth:22.3.1] AndroidManifest.xml:50:13-36
104            android:launchMode="singleTask"
104-->[com.google.firebase:firebase-auth:22.3.1] AndroidManifest.xml:51:13-44
105            android:theme="@android:style/Theme.Translucent.NoTitleBar" >
105-->[com.google.firebase:firebase-auth:22.3.1] AndroidManifest.xml:52:13-72
106            <intent-filter>
106-->[com.google.firebase:firebase-auth:22.3.1] AndroidManifest.xml:53:13-63:29
107                <action android:name="android.intent.action.VIEW" />
107-->[com.google.firebase:firebase-auth:22.3.1] AndroidManifest.xml:36:17-69
107-->[com.google.firebase:firebase-auth:22.3.1] AndroidManifest.xml:36:25-66
108
109                <category android:name="android.intent.category.DEFAULT" />
109-->[com.google.firebase:firebase-auth:22.3.1] AndroidManifest.xml:38:17-76
109-->[com.google.firebase:firebase-auth:22.3.1] AndroidManifest.xml:38:27-73
110                <category android:name="android.intent.category.BROWSABLE" />
110-->[com.google.firebase:firebase-auth:22.3.1] AndroidManifest.xml:39:17-78
110-->[com.google.firebase:firebase-auth:22.3.1] AndroidManifest.xml:39:27-75
111
112                <data
112-->[com.google.firebase:firebase-auth:22.3.1] AndroidManifest.xml:41:17-44:51
113                    android:host="firebase.auth"
113-->[com.google.firebase:firebase-auth:22.3.1] AndroidManifest.xml:42:21-49
114                    android:path="/"
114-->[com.google.firebase:firebase-auth:22.3.1] AndroidManifest.xml:43:21-37
115                    android:scheme="recaptcha" />
115-->[com.google.firebase:firebase-auth:22.3.1] AndroidManifest.xml:44:21-48
116            </intent-filter>
117        </activity>
118
119        <service
119-->[com.google.firebase:firebase-auth:22.3.1] AndroidManifest.xml:66:9-72:19
120            android:name="com.google.firebase.components.ComponentDiscoveryService"
120-->[com.google.firebase:firebase-auth:22.3.1] AndroidManifest.xml:67:13-84
121            android:directBootAware="true"
121-->[com.google.firebase:firebase-common:20.4.2] AndroidManifest.xml:32:13-43
122            android:exported="false" >
122-->[com.google.firebase:firebase-auth:22.3.1] AndroidManifest.xml:68:13-37
123            <meta-data
123-->[com.google.firebase:firebase-auth:22.3.1] AndroidManifest.xml:69:13-71:85
124                android:name="com.google.firebase.components:com.google.firebase.auth.FirebaseAuthRegistrar"
124-->[com.google.firebase:firebase-auth:22.3.1] AndroidManifest.xml:70:17-109
125                android:value="com.google.firebase.components.ComponentRegistrar" />
125-->[com.google.firebase:firebase-auth:22.3.1] AndroidManifest.xml:71:17-82
126            <meta-data
126-->[com.google.firebase:firebase-firestore:24.11.1] AndroidManifest.xml:17:13-19:85
127                android:name="com.google.firebase.components:com.google.firebase.firestore.FirebaseFirestoreKtxRegistrar"
127-->[com.google.firebase:firebase-firestore:24.11.1] AndroidManifest.xml:18:17-122
128                android:value="com.google.firebase.components.ComponentRegistrar" />
128-->[com.google.firebase:firebase-firestore:24.11.1] AndroidManifest.xml:19:17-82
129            <meta-data
129-->[com.google.firebase:firebase-firestore:24.11.1] AndroidManifest.xml:20:13-22:85
130                android:name="com.google.firebase.components:com.google.firebase.firestore.FirestoreRegistrar"
130-->[com.google.firebase:firebase-firestore:24.11.1] AndroidManifest.xml:21:17-111
131                android:value="com.google.firebase.components.ComponentRegistrar" />
131-->[com.google.firebase:firebase-firestore:24.11.1] AndroidManifest.xml:22:17-82
132            <meta-data
132-->[com.google.firebase:firebase-common-ktx:20.4.2] AndroidManifest.xml:12:13-14:85
133                android:name="com.google.firebase.components:com.google.firebase.ktx.FirebaseCommonLegacyRegistrar"
133-->[com.google.firebase:firebase-common-ktx:20.4.2] AndroidManifest.xml:13:17-116
134                android:value="com.google.firebase.components.ComponentRegistrar" />
134-->[com.google.firebase:firebase-common-ktx:20.4.2] AndroidManifest.xml:14:17-82
135            <meta-data
135-->[com.google.firebase:firebase-common:20.4.2] AndroidManifest.xml:35:13-37:85
136                android:name="com.google.firebase.components:com.google.firebase.FirebaseCommonKtxRegistrar"
136-->[com.google.firebase:firebase-common:20.4.2] AndroidManifest.xml:36:17-109
137                android:value="com.google.firebase.components.ComponentRegistrar" />
137-->[com.google.firebase:firebase-common:20.4.2] AndroidManifest.xml:37:17-82
138        </service>
139
140        <activity
140-->[com.google.android.gms:play-services-auth:21.1.0] AndroidManifest.xml:23:9-27:75
141            android:name="com.google.android.gms.auth.api.signin.internal.SignInHubActivity"
141-->[com.google.android.gms:play-services-auth:21.1.0] AndroidManifest.xml:24:13-93
142            android:excludeFromRecents="true"
142-->[com.google.android.gms:play-services-auth:21.1.0] AndroidManifest.xml:25:13-46
143            android:exported="false"
143-->[com.google.android.gms:play-services-auth:21.1.0] AndroidManifest.xml:26:13-37
144            android:theme="@android:style/Theme.Translucent.NoTitleBar" />
144-->[com.google.android.gms:play-services-auth:21.1.0] AndroidManifest.xml:27:13-72
145        <!--
146            Service handling Google Sign-In user revocation. For apps that do not integrate with
147            Google Sign-In, this service will never be started.
148        -->
149        <service
149-->[com.google.android.gms:play-services-auth:21.1.0] AndroidManifest.xml:33:9-37:51
150            android:name="com.google.android.gms.auth.api.signin.RevocationBoundService"
150-->[com.google.android.gms:play-services-auth:21.1.0] AndroidManifest.xml:34:13-89
151            android:exported="true"
151-->[com.google.android.gms:play-services-auth:21.1.0] AndroidManifest.xml:35:13-36
152            android:permission="com.google.android.gms.auth.api.signin.permission.REVOCATION_NOTIFICATION"
152-->[com.google.android.gms:play-services-auth:21.1.0] AndroidManifest.xml:36:13-107
153            android:visibleToInstantApps="true" />
153-->[com.google.android.gms:play-services-auth:21.1.0] AndroidManifest.xml:37:13-48
154
155        <activity
155-->[com.google.android.gms:play-services-base:18.3.0] AndroidManifest.xml:20:9-22:45
156            android:name="com.google.android.gms.common.api.GoogleApiActivity"
156-->[com.google.android.gms:play-services-base:18.3.0] AndroidManifest.xml:20:19-85
157            android:exported="false"
157-->[com.google.android.gms:play-services-base:18.3.0] AndroidManifest.xml:22:19-43
158            android:theme="@android:style/Theme.Translucent.NoTitleBar" />
158-->[com.google.android.gms:play-services-base:18.3.0] AndroidManifest.xml:21:19-78
159
160        <provider
160-->[com.google.firebase:firebase-common:20.4.2] AndroidManifest.xml:23:9-28:39
161            android:name="com.google.firebase.provider.FirebaseInitProvider"
161-->[com.google.firebase:firebase-common:20.4.2] AndroidManifest.xml:24:13-77
162            android:authorities="com.example.missminutes.firebaseinitprovider"
162-->[com.google.firebase:firebase-common:20.4.2] AndroidManifest.xml:25:13-72
163            android:directBootAware="true"
163-->[com.google.firebase:firebase-common:20.4.2] AndroidManifest.xml:26:13-43
164            android:exported="false"
164-->[com.google.firebase:firebase-common:20.4.2] AndroidManifest.xml:27:13-37
165            android:initOrder="100" />
165-->[com.google.firebase:firebase-common:20.4.2] AndroidManifest.xml:28:13-36
166
167        <meta-data
167-->[com.google.android.gms:play-services-basement:18.3.0] AndroidManifest.xml:21:9-23:69
168            android:name="com.google.android.gms.version"
168-->[com.google.android.gms:play-services-basement:18.3.0] AndroidManifest.xml:22:13-58
169            android:value="@integer/google_play_services_version" />
169-->[com.google.android.gms:play-services-basement:18.3.0] AndroidManifest.xml:23:13-66
170
171        <provider
171-->[androidx.emoji2:emoji2:1.2.0] AndroidManifest.xml:24:9-32:20
172            android:name="androidx.startup.InitializationProvider"
172-->[androidx.emoji2:emoji2:1.2.0] AndroidManifest.xml:25:13-67
173            android:authorities="com.example.missminutes.androidx-startup"
173-->[androidx.emoji2:emoji2:1.2.0] AndroidManifest.xml:26:13-68
174            android:exported="false" >
174-->[androidx.emoji2:emoji2:1.2.0] AndroidManifest.xml:27:13-37
175            <meta-data
175-->[androidx.emoji2:emoji2:1.2.0] AndroidManifest.xml:29:13-31:52
176                android:name="androidx.emoji2.text.EmojiCompatInitializer"
176-->[androidx.emoji2:emoji2:1.2.0] AndroidManifest.xml:30:17-75
177                android:value="androidx.startup" />
177-->[androidx.emoji2:emoji2:1.2.0] AndroidManifest.xml:31:17-49
178            <meta-data
178-->[androidx.lifecycle:lifecycle-process:2.6.1] AndroidManifest.xml:29:13-31:52
179                android:name="androidx.lifecycle.ProcessLifecycleInitializer"
179-->[androidx.lifecycle:lifecycle-process:2.6.1] AndroidManifest.xml:30:17-78
180                android:value="androidx.startup" />
180-->[androidx.lifecycle:lifecycle-process:2.6.1] AndroidManifest.xml:31:17-49
181            <meta-data
181-->[androidx.profileinstaller:profileinstaller:1.3.0] AndroidManifest.xml:29:13-31:52
182                android:name="androidx.profileinstaller.ProfileInstallerInitializer"
182-->[androidx.profileinstaller:profileinstaller:1.3.0] AndroidManifest.xml:30:17-85
183                android:value="androidx.startup" />
183-->[androidx.profileinstaller:profileinstaller:1.3.0] AndroidManifest.xml:31:17-49
184        </provider>
185        <provider
185-->[com.squareup.picasso:picasso:2.8] AndroidManifest.xml:8:9-11:40
186            android:name="com.squareup.picasso.PicassoProvider"
186-->[com.squareup.picasso:picasso:2.8] AndroidManifest.xml:9:13-64
187            android:authorities="com.example.missminutes.com.squareup.picasso"
187-->[com.squareup.picasso:picasso:2.8] AndroidManifest.xml:10:13-72
188            android:exported="false" />
188-->[com.squareup.picasso:picasso:2.8] AndroidManifest.xml:11:13-37
189
190        <receiver
190-->[androidx.profileinstaller:profileinstaller:1.3.0] AndroidManifest.xml:34:9-52:20
191            android:name="androidx.profileinstaller.ProfileInstallReceiver"
191-->[androidx.profileinstaller:profileinstaller:1.3.0] AndroidManifest.xml:35:13-76
192            android:directBootAware="false"
192-->[androidx.profileinstaller:profileinstaller:1.3.0] AndroidManifest.xml:36:13-44
193            android:enabled="true"
193-->[androidx.profileinstaller:profileinstaller:1.3.0] AndroidManifest.xml:37:13-35
194            android:exported="true"
194-->[androidx.profileinstaller:profileinstaller:1.3.0] AndroidManifest.xml:38:13-36
195            android:permission="android.permission.DUMP" >
195-->[androidx.profileinstaller:profileinstaller:1.3.0] AndroidManifest.xml:39:13-57
196            <intent-filter>
196-->[androidx.profileinstaller:profileinstaller:1.3.0] AndroidManifest.xml:40:13-42:29
197                <action android:name="androidx.profileinstaller.action.INSTALL_PROFILE" />
197-->[androidx.profileinstaller:profileinstaller:1.3.0] AndroidManifest.xml:41:17-91
197-->[androidx.profileinstaller:profileinstaller:1.3.0] AndroidManifest.xml:41:25-88
198            </intent-filter>
199            <intent-filter>
199-->[androidx.profileinstaller:profileinstaller:1.3.0] AndroidManifest.xml:43:13-45:29
200                <action android:name="androidx.profileinstaller.action.SKIP_FILE" />
200-->[androidx.profileinstaller:profileinstaller:1.3.0] AndroidManifest.xml:44:17-85
200-->[androidx.profileinstaller:profileinstaller:1.3.0] AndroidManifest.xml:44:25-82
201            </intent-filter>
202            <intent-filter>
202-->[androidx.profileinstaller:profileinstaller:1.3.0] AndroidManifest.xml:46:13-48:29
203                <action android:name="androidx.profileinstaller.action.SAVE_PROFILE" />
203-->[androidx.profileinstaller:profileinstaller:1.3.0] AndroidManifest.xml:47:17-88
203-->[androidx.profileinstaller:profileinstaller:1.3.0] AndroidManifest.xml:47:25-85
204            </intent-filter>
205            <intent-filter>
205-->[androidx.profileinstaller:profileinstaller:1.3.0] AndroidManifest.xml:49:13-51:29
206                <action android:name="androidx.profileinstaller.action.BENCHMARK_OPERATION" />
206-->[androidx.profileinstaller:profileinstaller:1.3.0] AndroidManifest.xml:50:17-95
206-->[androidx.profileinstaller:profileinstaller:1.3.0] AndroidManifest.xml:50:25-92
207            </intent-filter>
208        </receiver>
209    </application>
210
211</manifest>